<?xml version="1.0" encoding="UTF-8"?>
<!-- Generated by org.testng.reporters.JUnitReportReporter -->
<testsuite hostname="DESKTOP-C1GQ248" failures="0" tests="1" name="test_classes.Test2" time="2.621" errors="0" timestamp="2022-03-31T11:36:42 IST" skipped="0">
  <testcase classname="test_classes.Test2" name="errormassage" time="2.621"/>
  <system-out/>
</testsuite> <!-- test_classes.Test2 -->
