<?xml version="1.0" encoding="UTF-8"?>
<!-- Generated by org.testng.reporters.JUnitReportReporter -->
<testsuite hostname="DESKTOP-C1GQ248" failures="0" tests="2" name="test_classes.Test1" time="6.036" errors="0" timestamp="2022-03-31T10:51:23 IST" skipped="0">
  <testcase classname="test_classes.Test1" name="Validateusername" time="2.631"/>
  <system-out/>
  <testcase classname="test_classes.Test1" name="Validateusername" time="3.405"/>
  <system-out/>
</testsuite> <!-- test_classes.Test1 -->
